<?xml version="1.0" encoding="UTF-8"?>
<!-- Generated by org.testng.reporters.JUnitReportReporter -->
<testsuite name="TSC.TSC_Framework_University.university_Reg" tests="1" time="19.411" ignored="0" failures="0" timestamp="27 Dec 2018 10:40:24 GMT" skipped="0" hostname="RIPLBRD48" errors="0">
  <testcase name="universityRegistration" time="19.411" classname="TSC.TSC_Framework_University.university_Reg"/>
</testsuite> <!-- TSC.TSC_Framework_University.university_Reg -->
