<?xml version="1.0" encoding="UTF-8"?>
<!-- Generated by org.testng.reporters.JUnitReportReporter -->
<testsuite name="TSC.TSC_Framework_University.University_TestCase" tests="6" time="59.872" ignored="0" failures="0" timestamp="01 Apr 2019 04:54:10 GMT" skipped="0" hostname="RIPLBRD48" errors="0">
  <testcase name="university_OtherSearch" time="9.782" classname="TSC.TSC_Framework_University.University_TestCase"/>
  <testcase name="Logout" time="14.014" classname="TSC.TSC_Framework_University.University_TestCase"/>
  <testcase name="universityAddMyStudnt" time="7.950" classname="TSC.TSC_Framework_University.University_TestCase"/>
  <testcase name="ManageBranches" time="12.771" classname="TSC.TSC_Framework_University.University_TestCase"/>
  <testcase name="university_jobSearch" time="7.963" classname="TSC.TSC_Framework_University.University_TestCase"/>
  <testcase name="ManageEmployee" time="7.392" classname="TSC.TSC_Framework_University.University_TestCase"/>
</testsuite> <!-- TSC.TSC_Framework_University.University_TestCase -->
