<?xml version="1.0" encoding="UTF-8"?>
<!-- Generated by org.testng.reporters.JUnitReportReporter -->
<testsuite name="TSC.TSC_Framework_ServiceProvider.serviceproviderReg" tests="1" time="63.430" ignored="0" failures="0" timestamp="27 Dec 2018 08:54:46 GMT" skipped="0" hostname="RIPLBRD48" errors="0">
  <testcase name="ServiceProviderRegistration" time="63.430" classname="TSC.TSC_Framework_ServiceProvider.serviceproviderReg"/>
</testsuite> <!-- TSC.TSC_Framework_ServiceProvider.serviceproviderReg -->
