<?xml version="1.0" encoding="UTF-8"?>
<!-- Generated by org.testng.reporters.JUnitReportReporter -->
<testsuite name="TSC_Framework_Employer.Employeerregistaration" tests="1" time="74.187" ignored="0" failures="0" timestamp="08 Apr 2019 07:57:04 GMT" skipped="0" hostname="RIPLBRD48" errors="0">
  <testcase name="EmpRegister" time="74.187" classname="TSC_Framework_Employer.Employeerregistaration"/>
</testsuite> <!-- TSC_Framework_Employer.Employeerregistaration -->
