<?xml version="1.0" encoding="UTF-8"?>
<!-- Generated by org.testng.reporters.JUnitReportReporter -->
<testsuite name="TSC_Framework_Employer.Emploee_ViewUpload_Job" tests="1" time="25.001" ignored="0" failures="0" timestamp="04 Apr 2019 07:01:06 GMT" skipped="0" hostname="RIPLBRD48" errors="0">
  <testcase name="View_UploadJob_Edit_close" time="25.001" classname="TSC_Framework_Employer.Emploee_ViewUpload_Job"/>
</testsuite> <!-- TSC_Framework_Employer.Emploee_ViewUpload_Job -->
