<?xml version="1.0" encoding="UTF-8"?>
<!-- Generated by org.testng.reporters.JUnitReportReporter -->
<testsuite name="TSC.TSC_Framework_ServiceProvider.ServicePovider_dashboard_Jobseeker" tests="1" time="19.058" ignored="0" failures="0" timestamp="27 Mar 2019 05:39:23 GMT" skipped="0" hostname="RIPLBRD48" errors="0">
  <testcase name="ServiceProvider_JobSeeker_Share" time="19.058" classname="TSC.TSC_Framework_ServiceProvider.ServicePovider_dashboard_Jobseeker"/>
</testsuite> <!-- TSC.TSC_Framework_ServiceProvider.ServicePovider_dashboard_Jobseeker -->
