<?xml version="1.0" encoding="UTF-8"?>
<!-- Generated by org.testng.reporters.JUnitReportReporter -->
<testsuite name="TSC.TSC_Framework_ServiceProvider.ServiceProvider_Testcase" tests="8" time="148.748" ignored="0" failures="0" timestamp="29 Mar 2019 05:58:54 GMT" skipped="0" hostname="RIPLBRD48" errors="0">
  <testcase name="ManageBranches" time="17.877" classname="TSC.TSC_Framework_ServiceProvider.ServiceProvider_Testcase"/>
  <testcase name="ServiceProviderMyInvitee" time="17.354" classname="TSC.TSC_Framework_ServiceProvider.ServiceProvider_Testcase"/>
  <testcase name="ServiceProviderManageEmployees" time="19.759" classname="TSC.TSC_Framework_ServiceProvider.ServiceProvider_Testcase"/>
  <testcase name="DashboardAndSearchJobSeeker" time="24.573" classname="TSC.TSC_Framework_ServiceProvider.ServiceProvider_Testcase"/>
  <testcase name="ServiceProviderMyClientsAddMyClient" time="13.098" classname="TSC.TSC_Framework_ServiceProvider.ServiceProvider_Testcase"/>
  <testcase name="ServiceProviderOtherSearch" time="20.163" classname="TSC.TSC_Framework_ServiceProvider.ServiceProvider_Testcase"/>
  <testcase name="ServiceProviderProfileUpdate" time="12.097" classname="TSC.TSC_Framework_ServiceProvider.ServiceProvider_Testcase"/>
  <testcase name="Logout" time="23.827" classname="TSC.TSC_Framework_ServiceProvider.ServiceProvider_Testcase"/>
</testsuite> <!-- TSC.TSC_Framework_ServiceProvider.ServiceProvider_Testcase -->
