<?xml version="1.0" encoding="UTF-8"?>
<!-- Generated by org.testng.reporters.JUnitReportReporter -->
<testsuite name="TSC_Framework_JobSeeker.Jobseekerlogin" tests="1" time="39.239" ignored="0" failures="0" timestamp="28 Dec 2018 05:47:41 GMT" skipped="0" hostname="RIPLBRD48" errors="0">
  <testcase name="LoginAsValidEmailidAndPassowrd" time="39.239" classname="TSC_Framework_JobSeeker.Jobseekerlogin"/>
</testsuite> <!-- TSC_Framework_JobSeeker.Jobseekerlogin -->
