<?xml version="1.0" encoding="UTF-8"?>
<!-- Generated by org.testng.reporters.JUnitReportReporter -->
<testsuite name="TSC_Framework_Employer.EmployeeJobsupportingFileUpload" tests="1" time="28.996" ignored="0" failures="0" timestamp="18 Jan 2019 09:23:30 GMT" skipped="0" hostname="RIPLBRD48" errors="0">
  <testcase name="EmpLoginJobsupportingfileupload" time="28.996" classname="TSC_Framework_Employer.EmployeeJobsupportingFileUpload"/>
</testsuite> <!-- TSC_Framework_Employer.EmployeeJobsupportingFileUpload -->
