<?xml version="1.0" encoding="UTF-8"?>
<!-- Generated by org.testng.reporters.JUnitReportReporter -->
<testsuite name="TSC.TSC_Framework_ServiceProvider.serviceproviderMyInvitee" tests="1" time="22.265" ignored="0" failures="0" timestamp="28 Dec 2018 07:32:43 GMT" skipped="0" hostname="RIPLBRD48" errors="0">
  <testcase name="ServiceProviderMyInvitee" time="22.265" classname="TSC.TSC_Framework_ServiceProvider.serviceproviderMyInvitee"/>
</testsuite> <!-- TSC.TSC_Framework_ServiceProvider.serviceproviderMyInvitee -->
