<?xml version="1.0" encoding="UTF-8"?>
<!-- Generated by org.testng.reporters.JUnitReportReporter -->
<testsuite name="TSC.TSC_Framework_ServiceProvider.ServiceProviderManageBranches" tests="1" time="24.895" ignored="0" failures="0" timestamp="28 Dec 2018 07:32:43 GMT" skipped="0" hostname="RIPLBRD48" errors="0">
  <testcase name="ManageBranches" time="24.895" classname="TSC.TSC_Framework_ServiceProvider.ServiceProviderManageBranches"/>
</testsuite> <!-- TSC.TSC_Framework_ServiceProvider.ServiceProviderManageBranches -->
