<?xml version="1.0" encoding="UTF-8"?>
<!-- Generated by org.testng.reporters.JUnitReportReporter -->
<testsuite name="TSC_Framework_JobSeeker.JobSeekerMyProfile" tests="1" time="43.869" ignored="0" failures="0" timestamp="03 Apr 2019 05:20:47 GMT" skipped="0" hostname="RIPLBRD48" errors="0">
  <testcase name="viewprofile" time="43.869" classname="TSC_Framework_JobSeeker.JobSeekerMyProfile"/>
</testsuite> <!-- TSC_Framework_JobSeeker.JobSeekerMyProfile -->
