<?xml version="1.0" encoding="UTF-8"?>
<!-- Generated by org.testng.reporters.JUnitReportReporter -->
<testsuite name="TSC.TSC_Framework_University.University_Serach" tests="1" time="13.528" ignored="0" failures="0" timestamp="14 Nov 2018 05:35:39 GMT" skipped="0" hostname="RIPLBRD48" errors="0">
  <testcase name="university_Searcht" time="13.528" classname="TSC.TSC_Framework_University.University_Serach"/>
</testsuite> <!-- TSC.TSC_Framework_University.University_Serach -->
