<?xml version="1.0" encoding="UTF-8"?>
<!-- Generated by org.testng.reporters.JUnitReportReporter -->
<testsuite name="TSC_Framework_Employer.EmployeeLogin" tests="1" time="21.182" ignored="0" failures="0" timestamp="28 Dec 2018 06:33:41 GMT" skipped="0" hostname="RIPLBRD48" errors="0">
  <testcase name="EmpLogin" time="21.182" classname="TSC_Framework_Employer.EmployeeLogin"/>
</testsuite> <!-- TSC_Framework_Employer.EmployeeLogin -->
