<?xml version="1.0" encoding="UTF-8"?>
<!-- Generated by org.testng.reporters.JUnitReportReporter -->
<testsuite name="TSC_Framework_Employer.employeeLoginwithvaldn$EmployeeLogin" tests="4" time="93.616" ignored="0" failures="0" timestamp="08 Apr 2019 04:58:13 GMT" skipped="0" hostname="RIPLBRD48" errors="0">
  <testcase name="EmpLoginWithPasswordFieldBlank" time="8.084" classname="TSC_Framework_Employer.employeeLoginwithvaldn$EmployeeLogin"/>
  <testcase name="EmpLoginWithInvalidIdAndPassword" time="10.470" classname="TSC_Framework_Employer.employeeLoginwithvaldn$EmployeeLogin"/>
  <testcase name="EmpLoginWithValidIdAndPassword" time="63.997" classname="TSC_Framework_Employer.employeeLoginwithvaldn$EmployeeLogin"/>
  <testcase name="EmpLoginWithEmailFieldBlank" time="11.065" classname="TSC_Framework_Employer.employeeLoginwithvaldn$EmployeeLogin"/>
</testsuite> <!-- TSC_Framework_Employer.employeeLoginwithvaldn$EmployeeLogin -->
