<?xml version="1.0" encoding="UTF-8"?>
<!-- Generated by org.testng.reporters.JUnitReportReporter -->
<testsuite name="TSC_Framework_JobSeeker.JobseekerRegistration" tests="1" time="55.449" ignored="0" failures="0" timestamp="08 Apr 2019 07:50:19 GMT" skipped="0" hostname="RIPLBRD48" errors="0">
  <testcase name="Registration" time="55.449" classname="TSC_Framework_JobSeeker.JobseekerRegistration"/>
</testsuite> <!-- TSC_Framework_JobSeeker.JobseekerRegistration -->
