<?xml version="1.0" encoding="UTF-8"?>
<!-- Generated by org.testng.reporters.JUnitReportReporter -->
<testsuite name="TSC.TSC_Framework_ServiceProvider.ServiceproviderJobSeeker" tests="1" time="21.042" ignored="0" failures="0" timestamp="28 Dec 2018 07:32:43 GMT" skipped="0" hostname="RIPLBRD48" errors="0">
  <testcase name="DashboardAndSearchJobSeeker" time="21.042" classname="TSC.TSC_Framework_ServiceProvider.ServiceproviderJobSeeker"/>
</testsuite> <!-- TSC.TSC_Framework_ServiceProvider.ServiceproviderJobSeeker -->
