<?xml version="1.0" encoding="UTF-8"?>
<!-- Generated by org.testng.reporters.JUnitReportReporter -->
<testsuite name="TSC_Framework_Listener.Homepage" tests="1" time="20.872" ignored="0" failures="0" timestamp="15 Nov 2018 08:55:44 GMT" skipped="0" hostname="RIPLBRD48" errors="0">
  <testcase name="homepage" time="20.872" classname="TSC_Framework_Listener.Homepage"/>
</testsuite> <!-- TSC_Framework_Listener.Homepage -->
