<?xml version="1.0" encoding="UTF-8"?>
<!-- Generated by org.testng.reporters.JUnitReportReporter -->
<testsuite name="TSC.TSC_Framework_roughwork.chromebrowser" tests="1" time="6.828" ignored="0" failures="0" timestamp="12 Jan 2019 07:12:05 GMT" skipped="0" hostname="RIPLBRD48" errors="0">
  <testcase name="openbrowser" time="6.828" classname="TSC.TSC_Framework_roughwork.chromebrowser"/>
</testsuite> <!-- TSC.TSC_Framework_roughwork.chromebrowser -->
