<?xml version="1.0" encoding="UTF-8"?>
<!-- Generated by org.testng.reporters.JUnitReportReporter -->
<testsuite name="TSC_Framework_AllTestCase.University_TestCase" tests="6" time="90.643" ignored="0" failures="0" timestamp="15 Apr 2019 10:30:26 GMT" skipped="0" hostname="RIPLBRD48" errors="0">
  <testcase name="ManageBranches" time="12.687" classname="TSC_Framework_AllTestCase.University_TestCase"/>
  <testcase name="universityAddMyStudnt" time="7.906" classname="TSC_Framework_AllTestCase.University_TestCase"/>
  <testcase name="university_jobSearch" time="14.031" classname="TSC_Framework_AllTestCase.University_TestCase"/>
  <testcase name="university_OtherSearch" time="10.071" classname="TSC_Framework_AllTestCase.University_TestCase"/>
  <testcase name="ManageEmployee" time="7.607" classname="TSC_Framework_AllTestCase.University_TestCase"/>
  <testcase name="Logout" time="38.341" classname="TSC_Framework_AllTestCase.University_TestCase"/>
</testsuite> <!-- TSC_Framework_AllTestCase.University_TestCase -->
