<?xml version="1.0" encoding="UTF-8"?>
<!-- Generated by org.testng.reporters.JUnitReportReporter -->
<testsuite name="TSC_Framework_JobSeeker.JobseekerDashboardPage" tests="1" time="11.481" ignored="0" failures="0" timestamp="17 Apr 2019 04:49:53 GMT" skipped="0" hostname="RIPLBRD48" errors="0">
  <testcase name="DashboardPage" time="11.481" classname="TSC_Framework_JobSeeker.JobseekerDashboardPage"/>
</testsuite> <!-- TSC_Framework_JobSeeker.JobseekerDashboardPage -->
