<?xml version="1.0" encoding="UTF-8"?>
<!-- Generated by org.testng.reporters.JUnitReportReporter -->
<testsuite name="TSC_Framework_Employer.EmployeePostJob" tests="1" time="45.036" ignored="0" failures="0" timestamp="28 Mar 2019 11:50:14 GMT" skipped="0" hostname="RIPLBRD48" errors="0">
  <testcase name="EmpprofilePostjob" time="45.036" classname="TSC_Framework_Employer.EmployeePostJob"/>
</testsuite> <!-- TSC_Framework_Employer.EmployeePostJob -->
