<?xml version="1.0" encoding="UTF-8"?>
<!-- Generated by org.testng.reporters.JUnitReportReporter -->
<testsuite name="TSC.TSC_Framework_ServiceProvider.serviceproviderprofile_OtherSearch" tests="2" time="59.334" ignored="0" failures="0" timestamp="28 Dec 2018 07:32:43 GMT" skipped="0" hostname="RIPLBRD48" errors="0">
  <testcase name="ServiceProviderProfileUpdate" time="25.920" classname="TSC.TSC_Framework_ServiceProvider.serviceproviderprofile_OtherSearch"/>
  <testcase name="ServiceProviderOtherSearch" time="33.414" classname="TSC.TSC_Framework_ServiceProvider.serviceproviderprofile_OtherSearch"/>
</testsuite> <!-- TSC.TSC_Framework_ServiceProvider.serviceproviderprofile_OtherSearch -->
