<?xml version="1.0" encoding="UTF-8"?>
<!-- Generated by org.testng.reporters.JUnitReportReporter -->
<testsuite name="TSC.TSC_Framework_ServiceProvider.serviceproviderprofile" tests="1" time="29.158" ignored="0" failures="0" timestamp="11 Oct 2018 10:47:33 GMT" skipped="0" hostname="RIPLBRD48" errors="0">
  <testcase name="ServiceProviderOtherSearch" time="29.158" classname="TSC.TSC_Framework_ServiceProvider.serviceproviderprofile"/>
</testsuite> <!-- TSC.TSC_Framework_ServiceProvider.serviceproviderprofile -->
