<?xml version="1.0" encoding="UTF-8"?>
<!-- Generated by org.testng.reporters.JUnitReportReporter -->
<testsuite name="TSC.TSC_Framework_roughwork.ServiceproviderAddMyclientClient" tests="7" time="64.944" ignored="0" failures="0" timestamp="28 Dec 2018 09:06:30 GMT" skipped="0" hostname="RIPLBRD48" errors="0">
  <testcase name="ServiceProviderProfileUpdate" time="7.755" classname="TSC.TSC_Framework_roughwork.ServiceproviderAddMyclientClient"/>
  <testcase name="ManageBranches" time="5.298" classname="TSC.TSC_Framework_roughwork.ServiceproviderAddMyclientClient"/>
  <testcase name="ServiceProviderManageEmployees" time="11.166" classname="TSC.TSC_Framework_roughwork.ServiceproviderAddMyclientClient"/>
  <testcase name="DashboardAndSearchJobSeeker" time="13.057" classname="TSC.TSC_Framework_roughwork.ServiceproviderAddMyclientClient"/>
  <testcase name="ServiceProviderMyClientsAddMyClient" time="6.544" classname="TSC.TSC_Framework_roughwork.ServiceproviderAddMyclientClient"/>
  <testcase name="ServiceProviderMyInvitee" time="6.318" classname="TSC.TSC_Framework_roughwork.ServiceproviderAddMyclientClient"/>
  <testcase name="ServiceProviderOtherSearch" time="14.806" classname="TSC.TSC_Framework_roughwork.ServiceproviderAddMyclientClient"/>
</testsuite> <!-- TSC.TSC_Framework_roughwork.ServiceproviderAddMyclientClient -->
