<?xml version="1.0" encoding="UTF-8"?>
<!-- Generated by org.testng.reporters.JUnitReportReporter -->
<testsuite name="TSC_Framework_JobSeeker.Homepage" tests="2" time="23.400" ignored="0" failures="0" timestamp="28 Mar 2019 04:33:34 GMT" skipped="0" hostname="RIPLBRD48" errors="0">
  <testcase name="ProfileSave_serach" time="0.017" classname="TSC_Framework_JobSeeker.Homepage"/>
  <testcase name="homepage" time="23.383" classname="TSC_Framework_JobSeeker.Homepage"/>
</testsuite> <!-- TSC_Framework_JobSeeker.Homepage -->
