<?xml version="1.0" encoding="UTF-8"?>
<!-- Generated by org.testng.reporters.JUnitReportReporter -->
<testsuite name="TSC.TSC_Framework_University.University_JobSerach" tests="1" time="51.035" ignored="0" failures="0" timestamp="01 Apr 2019 04:49:42 GMT" skipped="0" hostname="RIPLBRD48" errors="0">
  <testcase name="university_jobSearch" time="51.035" classname="TSC.TSC_Framework_University.University_JobSerach"/>
</testsuite> <!-- TSC.TSC_Framework_University.University_JobSerach -->
