<?xml version="1.0" encoding="UTF-8"?>
<!-- Generated by org.testng.reporters.JUnitReportReporter -->
<testsuite name="TSC_Framework_AllTestCase.JobSeeker_TestCase" tests="7" time="80.078" ignored="0" failures="0" timestamp="17 Apr 2019 05:03:21 GMT" skipped="0" hostname="RIPLBRD48" errors="0">
  <testcase name="Myprofile" time="3.372" classname="TSC_Framework_AllTestCase.JobSeeker_TestCase"/>
  <testcase name="JobSeekerBasicInforamtion" time="17.526" classname="TSC_Framework_AllTestCase.JobSeeker_TestCase"/>
  <testcase name="JobSeekerMyServiceProvider" time="21.801" classname="TSC_Framework_AllTestCase.JobSeeker_TestCase"/>
  <testcase name="Logout" time="12.313" classname="TSC_Framework_AllTestCase.JobSeeker_TestCase"/>
  <testcase name="DashboardPage" time="10.864" classname="TSC_Framework_AllTestCase.JobSeeker_TestCase"/>
  <testcase name="SavesSearch" time="4.188" classname="TSC_Framework_AllTestCase.JobSeeker_TestCase"/>
  <testcase name="inviteee" time="10.014" classname="TSC_Framework_AllTestCase.JobSeeker_TestCase"/>
</testsuite> <!-- TSC_Framework_AllTestCase.JobSeeker_TestCase -->
