<?xml version="1.0" encoding="UTF-8"?>
<!-- Generated by org.testng.reporters.JUnitReportReporter -->
<testsuite skipped="0" hostname="RIPLBRD48" name="TSC.TSC_Framework_roughwork.joblogin" tests="1" failures="0" timestamp="18 Jun 2018 10:12:44 GMT" time="0.015" errors="0">
  <testcase name="login" time="0.015" classname="TSC.TSC_Framework_roughwork.joblogin"/>
</testsuite> <!-- TSC.TSC_Framework_roughwork.joblogin -->
