<?xml version="1.0" encoding="UTF-8"?>
<!-- Generated by org.testng.reporters.JUnitReportReporter -->
<testsuite name="TSC_Framework_Employer.Employeeothersearch" tests="1" time="29.229" ignored="0" failures="0" timestamp="28 Dec 2018 06:33:41 GMT" skipped="0" hostname="RIPLBRD48" errors="0">
  <testcase name="EmpLoginandOtherSearch" time="29.229" classname="TSC_Framework_Employer.Employeeothersearch"/>
</testsuite> <!-- TSC_Framework_Employer.Employeeothersearch -->
