<?xml version="1.0" encoding="UTF-8"?>
<!-- Generated by org.testng.reporters.JUnitReportReporter -->
<testsuite name="TSC.TSC_Framework_University.university_Login" tests="1" time="51.511" ignored="0" failures="0" timestamp="03 Apr 2019 06:46:28 GMT" skipped="0" hostname="RIPLBRD48" errors="0">
  <testcase name="universityLogin_MyAccount" time="51.511" classname="TSC.TSC_Framework_University.university_Login"/>
</testsuite> <!-- TSC.TSC_Framework_University.university_Login -->
