<?xml version="1.0" encoding="UTF-8"?>
<!-- Generated by org.testng.reporters.JUnitReportReporter -->
<testsuite name="TSC_Framework_JobSeeker.JobSeeker_TestCase" tests="5" time="63.113" ignored="0" failures="0" timestamp="28 Mar 2019 09:54:23 GMT" skipped="0" hostname="RIPLBRD48" errors="0">
  <testcase name="JobSeekerBasicInforamtion" time="17.512" classname="TSC_Framework_JobSeeker.JobSeeker_TestCase"/>
  <testcase name="Myprofile" time="3.439" classname="TSC_Framework_JobSeeker.JobSeeker_TestCase"/>
  <testcase name="JobSeekerMyServiceProvider" time="19.823" classname="TSC_Framework_JobSeeker.JobSeeker_TestCase"/>
  <testcase name="Logout" time="11.976" classname="TSC_Framework_JobSeeker.JobSeeker_TestCase"/>
  <testcase name="inviteee" time="10.363" classname="TSC_Framework_JobSeeker.JobSeeker_TestCase"/>
</testsuite> <!-- TSC_Framework_JobSeeker.JobSeeker_TestCase -->
