<?xml version="1.0" encoding="UTF-8"?>
<!-- Generated by org.testng.reporters.JUnitReportReporter -->
<testsuite name="TSC_Framework_Employer.Employee_Forgotpassword" tests="1" time="14.114" ignored="0" failures="0" timestamp="17 Apr 2019 05:44:34 GMT" skipped="0" hostname="RIPLBRD48" errors="0">
  <testcase name="Empforgotpassword" time="14.114" classname="TSC_Framework_Employer.Employee_Forgotpassword"/>
</testsuite> <!-- TSC_Framework_Employer.Employee_Forgotpassword -->
