<?xml version="1.0" encoding="UTF-8"?>
<!-- Generated by org.testng.reporters.JUnitReportReporter -->
<testsuite name="TSC.TSC_Framework_University.university_ManageEmployee" tests="1" time="20.270" ignored="0" failures="0" timestamp="27 Dec 2018 10:40:24 GMT" skipped="0" hostname="RIPLBRD48" errors="0">
  <testcase name="ManageEmployee" time="20.270" classname="TSC.TSC_Framework_University.university_ManageEmployee"/>
</testsuite> <!-- TSC.TSC_Framework_University.university_ManageEmployee -->
