<?xml version="1.0" encoding="UTF-8"?>
<!-- Generated by org.testng.reporters.JUnitReportReporter -->
<testsuite name="TSC_Framework_JobSeeker.JobSeekerForgotPassword" tests="1" time="21.452" ignored="0" failures="0" timestamp="08 Apr 2019 07:50:19 GMT" skipped="0" hostname="RIPLBRD48" errors="0">
  <testcase name="forgotpassword" time="21.452" classname="TSC_Framework_JobSeeker.JobSeekerForgotPassword"/>
</testsuite> <!-- TSC_Framework_JobSeeker.JobSeekerForgotPassword -->
