<?xml version="1.0" encoding="UTF-8"?>
<!-- Generated by org.testng.reporters.JUnitReportReporter -->
<testsuite name="TSC_Framework_AllTestCase.Employee_TestCase" tests="7" time="108.651" ignored="0" failures="0" timestamp="17 Apr 2019 10:47:51 GMT" skipped="0" hostname="RIPLBRD48" errors="0">
  <testcase name="View_UploadJob_Edit_close" time="24.376" classname="TSC_Framework_AllTestCase.Employee_TestCase"/>
  <testcase name="Logout" time="16.387" classname="TSC_Framework_AllTestCase.Employee_TestCase"/>
  <testcase name="EmpprofileviewJobs" time="23.132" classname="TSC_Framework_AllTestCase.Employee_TestCase"/>
  <testcase name="ViewOpenJob_Remove" time="7.542" classname="TSC_Framework_AllTestCase.Employee_TestCase"/>
  <testcase name="EmpLoginandsearchforJobseeker" time="10.666" classname="TSC_Framework_AllTestCase.Employee_TestCase"/>
  <testcase name="EmpLoginandOtherSearch" time="15.518" classname="TSC_Framework_AllTestCase.Employee_TestCase"/>
  <testcase name="EmpLoginJobsupportingfileupload" time="11.030" classname="TSC_Framework_AllTestCase.Employee_TestCase"/>
</testsuite> <!-- TSC_Framework_AllTestCase.Employee_TestCase -->
